This file contains any messages produced by compilers while
running configure, to aid debugging if configure makes a mistake.

It was created by libdbus-c++ configure 0.9.0, which was
generated by GNU Autoconf 2.68.  Invocation command line was

  $ ./configure --host=arm-linux-androideabi --with-sysroot=/home/evigier/android-14b-toolchain/sysroot --prefix=/home/evigier/android-ndk-r8b/platforms/android-14/arch-arm/usr --disable-ecore

## --------- ##
## Platform. ##
## --------- ##

hostname = evigier-ThinkPad-X220
uname -m = x86_64
uname -r = 3.0.0-17-generic
uname -s = Linux
uname -v = #30-Ubuntu SMP Thu Mar 8 20:45:39 UTC 2012

/usr/bin/uname -p = unknown
/bin/uname -X     = unknown

/bin/arch              = unknown
/usr/bin/arch -k       = unknown
/usr/convex/getsysinfo = unknown
/usr/bin/hostinfo      = unknown
/bin/machine           = unknown
/usr/bin/oslevel       = unknown
/bin/universe          = unknown

PATH: /home/evigier/android-14b-toolchain/bin
PATH: /home/evigier/tools/git-tools/bin
PATH: /usr/bin
PATH: /home/evigier/bin
PATH: /usr/lib/lightdm/lightdm
PATH: /usr/local/sbin
PATH: /usr/local/bin
PATH: /usr/sbin
PATH: /usr/bin
PATH: /sbin
PATH: /bin
PATH: /usr/games
PATH: /home/evigier/.vim/custom
PATH: /home/evigier/bin
PATH: /home/evigier/eclipse
PATH: /home/evigier/android-sdk-linux/tools
PATH: /home/evigier/android-sdk-linux/platform-tools
PATH: /home/evigier/android-ndk-r8b


## ----------- ##
## Core tests. ##
## ----------- ##

configure:2434: checking for a BSD-compatible install
configure:2502: result: /usr/bin/install -c
configure:2513: checking whether build environment is sane
configure:2563: result: yes
configure:2612: checking for arm-linux-androideabi-strip
configure:2628: found /home/evigier/android-14b-toolchain/bin/arm-linux-androideabi-strip
configure:2639: result: arm-linux-androideabi-strip
configure:2704: checking for a thread-safe mkdir -p
configure:2743: result: /bin/mkdir -p
configure:2756: checking for gawk
configure:2772: found /usr/bin/gawk
configure:2783: result: gawk
configure:2794: checking whether make sets $(MAKE)
configure:2816: result: yes
configure:2904: checking build system type
configure:2918: result: x86_64-unknown-linux-gnu
configure:2938: checking host system type
configure:2951: result: arm-unknown-linux-androideabi
configure:3034: checking for style of include used by make
configure:3062: result: GNU
configure:3092: checking for arm-linux-androideabi-gcc
configure:3108: found /home/evigier/android-14b-toolchain/bin/arm-linux-androideabi-gcc
configure:3119: result: arm-linux-androideabi-gcc
configure:3388: checking for C compiler version
configure:3397: arm-linux-androideabi-gcc --version >&5
arm-linux-androideabi-gcc (GCC) 4.6.x-google 20120106 (prerelease)
Copyright (C) 2011 Free Software Foundation, Inc.
This is free software; see the source for copying conditions.  There is NO
warranty; not even for MERCHANTABILITY or FITNESS FOR A PARTICULAR PURPOSE.

configure:3408: $? = 0
configure:3397: arm-linux-androideabi-gcc -v >&5
Using built-in specs.
COLLECT_GCC=arm-linux-androideabi-gcc
COLLECT_LTO_WRAPPER=/home/evigier/android-14b-toolchain/bin/../libexec/gcc/arm-linux-androideabi/4.6.x-google/lto-wrapper
Target: arm-linux-androideabi
Configured with: /usr/local/google/home/andrewhsieh/ndk-andrewhsieh/src/build/../gcc/gcc-4.6/configure --prefix=/tmp/ndk-andrewhsieh/build/toolchain/prefix --target=arm-linux-androideabi --host=x86_64-linux-gnu --build=x86_64-linux-gnu --with-gnu-as --with-gnu-ld --enable-languages=c,c++ --with-gmp=/tmp/ndk-andrewhsieh/build/toolchain/temp-install --with-mpfr=/tmp/ndk-andrewhsieh/build/toolchain/temp-install --with-mpc=/tmp/ndk-andrewhsieh/build/toolchain/temp-install --without-ppl --without-cloog --disable-libssp --enable-threads --disable-nls --disable-libmudflap --disable-libgomp --disable-libstdc__-v3 --disable-sjlj-exceptions --disable-shared --disable-tls --disable-libitm --with-float=soft --with-fpu=vfp --with-arch=armv5te --enable-target-optspace --enable-initfini-array --disable-nls --prefix=/tmp/ndk-andrewhsieh/build/toolchain/prefix --with-sysroot=/tmp/ndk-andrewhsieh/build/toolchain/prefix/sysroot --with-binutils-version=2.21 --with-mpfr-version=2.4.1 --with-mpc-version=0.8.1 --with-gmp-version=5.0.5 --with-gcc-version=4.6 --with-gdb-version=7.3.x --disable-bootstrap --disable-libquadmath --disable-plugin --enable-gold --enable-ld=default --with-arch=armv5te --program-transform-name='s&^&arm-linux-androideabi-&' --enable-gold
Thread model: posix
gcc version 4.6.x-google 20120106 (prerelease) (GCC) 
configure:3408: $? = 0
configure:3397: arm-linux-androideabi-gcc -V >&5
arm-linux-androideabi-gcc: error: unrecognized option '-V'
arm-linux-androideabi-gcc: fatal error: no input files
compilation terminated.
configure:3408: $? = 1
configure:3397: arm-linux-androideabi-gcc -qversion >&5
arm-linux-androideabi-gcc: error: unrecognized option '-qversion'
arm-linux-androideabi-gcc: fatal error: no input files
compilation terminated.
configure:3408: $? = 1
configure:3428: checking whether the C compiler works
configure:3450: arm-linux-androideabi-gcc    conftest.c  >&5
configure:3454: $? = 0
configure:3502: result: yes
configure:3505: checking for C compiler default output file name
configure:3507: result: a.out
configure:3513: checking for suffix of executables
configure:3520: arm-linux-androideabi-gcc -o conftest    conftest.c  >&5
configure:3524: $? = 0
configure:3546: result: 
configure:3568: checking whether we are cross compiling
configure:3576: arm-linux-androideabi-gcc -o conftest    conftest.c  >&5
configure:3580: $? = 0
configure:3587: ./conftest
/system/bin/linker: No such file or directory
configure:3591: $? = 255
configure:3606: result: yes
configure:3611: checking for suffix of object files
configure:3633: arm-linux-androideabi-gcc -c   conftest.c >&5
configure:3637: $? = 0
configure:3658: result: o
configure:3662: checking whether we are using the GNU C compiler
configure:3681: arm-linux-androideabi-gcc -c   conftest.c >&5
configure:3681: $? = 0
configure:3690: result: yes
configure:3699: checking whether arm-linux-androideabi-gcc accepts -g
configure:3719: arm-linux-androideabi-gcc -c -g  conftest.c >&5
configure:3719: $? = 0
configure:3760: result: yes
configure:3777: checking for arm-linux-androideabi-gcc option to accept ISO C89
configure:3841: arm-linux-androideabi-gcc  -c -g -O2  conftest.c >&5
configure:3841: $? = 0
configure:3854: result: none needed
configure:3876: checking dependency style of arm-linux-androideabi-gcc
configure:3986: result: gcc3
configure:4004: checking for clock_gettime
configure:4004: arm-linux-androideabi-gcc -o conftest -g -O2   conftest.c  >&5
configure:4004: $? = 0
configure:4004: result: yes
configure:4079: checking for arm-linux-androideabi-gcc
configure:4106: result: arm-linux-androideabi-gcc
configure:4375: checking for C compiler version
configure:4384: arm-linux-androideabi-gcc --version >&5
arm-linux-androideabi-gcc (GCC) 4.6.x-google 20120106 (prerelease)
Copyright (C) 2011 Free Software Foundation, Inc.
This is free software; see the source for copying conditions.  There is NO
warranty; not even for MERCHANTABILITY or FITNESS FOR A PARTICULAR PURPOSE.

configure:4395: $? = 0
configure:4384: arm-linux-androideabi-gcc -v >&5
Using built-in specs.
COLLECT_GCC=arm-linux-androideabi-gcc
COLLECT_LTO_WRAPPER=/home/evigier/android-14b-toolchain/bin/../libexec/gcc/arm-linux-androideabi/4.6.x-google/lto-wrapper
Target: arm-linux-androideabi
Configured with: /usr/local/google/home/andrewhsieh/ndk-andrewhsieh/src/build/../gcc/gcc-4.6/configure --prefix=/tmp/ndk-andrewhsieh/build/toolchain/prefix --target=arm-linux-androideabi --host=x86_64-linux-gnu --build=x86_64-linux-gnu --with-gnu-as --with-gnu-ld --enable-languages=c,c++ --with-gmp=/tmp/ndk-andrewhsieh/build/toolchain/temp-install --with-mpfr=/tmp/ndk-andrewhsieh/build/toolchain/temp-install --with-mpc=/tmp/ndk-andrewhsieh/build/toolchain/temp-install --without-ppl --without-cloog --disable-libssp --enable-threads --disable-nls --disable-libmudflap --disable-libgomp --disable-libstdc__-v3 --disable-sjlj-exceptions --disable-shared --disable-tls --disable-libitm --with-float=soft --with-fpu=vfp --with-arch=armv5te --enable-target-optspace --enable-initfini-array --disable-nls --prefix=/tmp/ndk-andrewhsieh/build/toolchain/prefix --with-sysroot=/tmp/ndk-andrewhsieh/build/toolchain/prefix/sysroot --with-binutils-version=2.21 --with-mpfr-version=2.4.1 --with-mpc-version=0.8.1 --with-gmp-version=5.0.5 --with-gcc-version=4.6 --with-gdb-version=7.3.x --disable-bootstrap --disable-libquadmath --disable-plugin --enable-gold --enable-ld=default --with-arch=armv5te --program-transform-name='s&^&arm-linux-androideabi-&' --enable-gold
Thread model: posix
gcc version 4.6.x-google 20120106 (prerelease) (GCC) 
configure:4395: $? = 0
configure:4384: arm-linux-androideabi-gcc -V >&5
arm-linux-androideabi-gcc: error: unrecognized option '-V'
arm-linux-androideabi-gcc: fatal error: no input files
compilation terminated.
configure:4395: $? = 1
configure:4384: arm-linux-androideabi-gcc -qversion >&5
arm-linux-androideabi-gcc: error: unrecognized option '-qversion'
arm-linux-androideabi-gcc: fatal error: no input files
compilation terminated.
configure:4395: $? = 1
configure:4399: checking whether we are using the GNU C compiler
configure:4427: result: yes
configure:4436: checking whether arm-linux-androideabi-gcc accepts -g
configure:4497: result: yes
configure:4514: checking for arm-linux-androideabi-gcc option to accept ISO C89
configure:4591: result: none needed
configure:4613: checking dependency style of arm-linux-androideabi-gcc
configure:4723: result: gcc3
configure:4752: checking for arm-linux-androideabi-g++
configure:4768: found /home/evigier/android-14b-toolchain/bin/arm-linux-androideabi-g++
configure:4779: result: arm-linux-androideabi-g++
configure:4850: checking for C++ compiler version
configure:4859: arm-linux-androideabi-g++ --version >&5
arm-linux-androideabi-g++ (GCC) 4.6.x-google 20120106 (prerelease)
Copyright (C) 2011 Free Software Foundation, Inc.
This is free software; see the source for copying conditions.  There is NO
warranty; not even for MERCHANTABILITY or FITNESS FOR A PARTICULAR PURPOSE.

configure:4870: $? = 0
configure:4859: arm-linux-androideabi-g++ -v >&5
Using built-in specs.
COLLECT_GCC=arm-linux-androideabi-g++
COLLECT_LTO_WRAPPER=/home/evigier/android-14b-toolchain/bin/../libexec/gcc/arm-linux-androideabi/4.6.x-google/lto-wrapper
Target: arm-linux-androideabi
Configured with: /usr/local/google/home/andrewhsieh/ndk-andrewhsieh/src/build/../gcc/gcc-4.6/configure --prefix=/tmp/ndk-andrewhsieh/build/toolchain/prefix --target=arm-linux-androideabi --host=x86_64-linux-gnu --build=x86_64-linux-gnu --with-gnu-as --with-gnu-ld --enable-languages=c,c++ --with-gmp=/tmp/ndk-andrewhsieh/build/toolchain/temp-install --with-mpfr=/tmp/ndk-andrewhsieh/build/toolchain/temp-install --with-mpc=/tmp/ndk-andrewhsieh/build/toolchain/temp-install --without-ppl --without-cloog --disable-libssp --enable-threads --disable-nls --disable-libmudflap --disable-libgomp --disable-libstdc__-v3 --disable-sjlj-exceptions --disable-shared --disable-tls --disable-libitm --with-float=soft --with-fpu=vfp --with-arch=armv5te --enable-target-optspace --enable-initfini-array --disable-nls --prefix=/tmp/ndk-andrewhsieh/build/toolchain/prefix --with-sysroot=/tmp/ndk-andrewhsieh/build/toolchain/prefix/sysroot --with-binutils-version=2.21 --with-mpfr-version=2.4.1 --with-mpc-version=0.8.1 --with-gmp-version=5.0.5 --with-gcc-version=4.6 --with-gdb-version=7.3.x --disable-bootstrap --disable-libquadmath --disable-plugin --enable-gold --enable-ld=default --with-arch=armv5te --program-transform-name='s&^&arm-linux-androideabi-&' --enable-gold
Thread model: posix
gcc version 4.6.x-google 20120106 (prerelease) (GCC) 
configure:4870: $? = 0
configure:4859: arm-linux-androideabi-g++ -V >&5
arm-linux-androideabi-g++: error: unrecognized option '-V'
arm-linux-androideabi-g++: fatal error: no input files
compilation terminated.
configure:4870: $? = 1
configure:4859: arm-linux-androideabi-g++ -qversion >&5
arm-linux-androideabi-g++: error: unrecognized option '-qversion'
arm-linux-androideabi-g++: fatal error: no input files
compilation terminated.
configure:4870: $? = 1
configure:4874: checking whether we are using the GNU C++ compiler
configure:4893: arm-linux-androideabi-g++ -c   conftest.cpp >&5
configure:4893: $? = 0
configure:4902: result: yes
configure:4911: checking whether arm-linux-androideabi-g++ accepts -g
configure:4931: arm-linux-androideabi-g++ -c -g  conftest.cpp >&5
configure:4931: $? = 0
configure:4972: result: yes
configure:4997: checking dependency style of arm-linux-androideabi-g++
configure:5107: result: gcc3
configure:5172: checking how to print strings
configure:5199: result: printf
configure:5220: checking for a sed that does not truncate output
configure:5284: result: /bin/sed
configure:5302: checking for grep that handles long lines and -e
configure:5360: result: /bin/grep
configure:5365: checking for egrep
configure:5427: result: /bin/grep -E
configure:5432: checking for fgrep
configure:5494: result: /bin/grep -F
configure:5529: checking for ld used by arm-linux-androideabi-gcc
configure:5596: result: /home/evigier/android-14b-toolchain/arm-linux-androideabi/bin/ld
configure:5603: checking if the linker (/home/evigier/android-14b-toolchain/arm-linux-androideabi/bin/ld) is GNU ld
configure:5618: result: yes
configure:5630: checking for BSD- or MS-compatible name lister (nm)
configure:5679: result: /home/evigier/android-14b-toolchain/bin/arm-linux-androideabi-nm -B
configure:5809: checking the name lister (/home/evigier/android-14b-toolchain/bin/arm-linux-androideabi-nm -B) interface
configure:5816: arm-linux-androideabi-g++ -c -g -O2  conftest.cpp >&5
configure:5819: /home/evigier/android-14b-toolchain/bin/arm-linux-androideabi-nm -B "conftest.o"
configure:5822: output
00000000 B some_variable
configure:5829: result: BSD nm
configure:5832: checking whether ln -s works
configure:5836: result: yes
configure:5844: checking the maximum length of command line arguments
configure:5969: result: 1572864
configure:5986: checking whether the shell understands some XSI constructs
configure:5996: result: yes
configure:6000: checking whether the shell understands "+="
configure:6006: result: yes
configure:6041: checking how to convert x86_64-unknown-linux-gnu file names to arm-unknown-linux-androideabi format
configure:6081: result: func_convert_file_noop
configure:6088: checking how to convert x86_64-unknown-linux-gnu file names to toolchain format
configure:6108: result: func_convert_file_noop
configure:6115: checking for /home/evigier/android-14b-toolchain/arm-linux-androideabi/bin/ld option to reload object files
configure:6122: result: -r
configure:6156: checking for arm-linux-androideabi-objdump
configure:6172: found /home/evigier/android-14b-toolchain/bin/arm-linux-androideabi-objdump
configure:6183: result: arm-linux-androideabi-objdump
configure:6255: checking how to recognize dependent libraries
configure:6457: result: pass_all
configure:6502: checking for arm-linux-androideabi-dlltool
configure:6532: result: no
configure:6542: checking for dlltool
configure:6572: result: no
configure:6602: checking how to associate runtime and link libraries
configure:6629: result: printf %s\n
configure:6646: checking for arm-linux-androideabi-ar
configure:6662: found /home/evigier/android-14b-toolchain/bin/arm-linux-androideabi-ar
configure:6673: result: arm-linux-androideabi-ar
configure:6754: checking for archiver @FILE support
configure:6771: arm-linux-androideabi-g++ -c -g -O2  conftest.cpp >&5
configure:6771: $? = 0
configure:6774: arm-linux-androideabi-ar cru libconftest.a @conftest.lst >&5
configure:6777: $? = 0
configure:6782: arm-linux-androideabi-ar cru libconftest.a @conftest.lst >&5
arm-linux-androideabi-ar: conftest.o: No such file or directory
configure:6785: $? = 1
configure:6797: result: @
configure:6815: checking for arm-linux-androideabi-strip
configure:6842: result: arm-linux-androideabi-strip
configure:6914: checking for arm-linux-androideabi-ranlib
configure:6930: found /home/evigier/android-14b-toolchain/bin/arm-linux-androideabi-ranlib
configure:6941: result: arm-linux-androideabi-ranlib
configure:7083: checking command to parse /home/evigier/android-14b-toolchain/bin/arm-linux-androideabi-nm -B output from arm-linux-androideabi-gcc object
configure:7202: arm-linux-androideabi-g++ -c -g -O2  conftest.cpp >&5
configure:7205: $? = 0
configure:7209: /home/evigier/android-14b-toolchain/bin/arm-linux-androideabi-nm -B conftest.o \| sed -n -e 's/^.*[ ]\([ABCDGIRSTW][ABCDGIRSTW]*\)[ ][ ]*\([_A-Za-z][_A-Za-z0-9]*\)$/\1 \2 \2/p' | sed '/ __gnu_lto/d' \> conftest.nm
configure:7212: $? = 0
configure:7278: arm-linux-androideabi-g++ -o conftest -g -O2   conftest.cpp conftstm.o >&5
configure:7281: $? = 0
configure:7319: result: ok
configure:7356: checking for sysroot
configure:7386: result: /home/evigier/android-14b-toolchain/sysroot
configure:7589: checking for arm-linux-androideabi-mt
configure:7619: result: no
configure:7629: checking for mt
configure:7645: found /bin/mt
configure:7656: result: mt
configure:7668: WARNING: using cross tools not prefixed with host triplet
configure:7679: checking if mt is a manifest tool
configure:7685: mt '-?'
configure:7693: result: no
configure:8325: checking how to run the C preprocessor
configure:8356: arm-linux-androideabi-gcc -E  conftest.c
configure:8356: $? = 0
configure:8370: arm-linux-androideabi-gcc -E  conftest.c
conftest.c:12:28: fatal error: ac_nonexistent.h: No such file or directory
compilation terminated.
configure:8370: $? = 1
configure: failed program was:
| /* confdefs.h */
| #define PACKAGE_NAME "libdbus-c++"
| #define PACKAGE_TARNAME "libdbus-c--"
| #define PACKAGE_VERSION "0.9.0"
| #define PACKAGE_STRING "libdbus-c++ 0.9.0"
| #define PACKAGE_BUGREPORT "andreas.volz@tux-style.com"
| #define PACKAGE_URL ""
| #define PACKAGE "libdbus-c++"
| #define VERSION "0.9.0"
| #define HAVE_CLOCK_GETTIME 1
| /* end confdefs.h.  */
| #include <ac_nonexistent.h>
configure:8395: result: arm-linux-androideabi-gcc -E
configure:8415: arm-linux-androideabi-gcc -E  conftest.c
configure:8415: $? = 0
configure:8429: arm-linux-androideabi-gcc -E  conftest.c
conftest.c:12:28: fatal error: ac_nonexistent.h: No such file or directory
compilation terminated.
configure:8429: $? = 1
configure: failed program was:
| /* confdefs.h */
| #define PACKAGE_NAME "libdbus-c++"
| #define PACKAGE_TARNAME "libdbus-c--"
| #define PACKAGE_VERSION "0.9.0"
| #define PACKAGE_STRING "libdbus-c++ 0.9.0"
| #define PACKAGE_BUGREPORT "andreas.volz@tux-style.com"
| #define PACKAGE_URL ""
| #define PACKAGE "libdbus-c++"
| #define VERSION "0.9.0"
| #define HAVE_CLOCK_GETTIME 1
| /* end confdefs.h.  */
| #include <ac_nonexistent.h>
configure:8458: checking for ANSI C header files
configure:8478: arm-linux-androideabi-gcc -c -g -O2  conftest.c >&5
configure:8478: $? = 0
configure:8562: result: yes
configure:8575: checking for sys/types.h
configure:8575: arm-linux-androideabi-gcc -c -g -O2  conftest.c >&5
configure:8575: $? = 0
configure:8575: result: yes
configure:8575: checking for sys/stat.h
configure:8575: arm-linux-androideabi-gcc -c -g -O2  conftest.c >&5
configure:8575: $? = 0
configure:8575: result: yes
configure:8575: checking for stdlib.h
configure:8575: arm-linux-androideabi-gcc -c -g -O2  conftest.c >&5
configure:8575: $? = 0
configure:8575: result: yes
configure:8575: checking for string.h
configure:8575: arm-linux-androideabi-gcc -c -g -O2  conftest.c >&5
configure:8575: $? = 0
configure:8575: result: yes
configure:8575: checking for memory.h
configure:8575: arm-linux-androideabi-gcc -c -g -O2  conftest.c >&5
configure:8575: $? = 0
configure:8575: result: yes
configure:8575: checking for strings.h
configure:8575: arm-linux-androideabi-gcc -c -g -O2  conftest.c >&5
configure:8575: $? = 0
configure:8575: result: yes
configure:8575: checking for inttypes.h
configure:8575: arm-linux-androideabi-gcc -c -g -O2  conftest.c >&5
configure:8575: $? = 0
configure:8575: result: yes
configure:8575: checking for stdint.h
configure:8575: arm-linux-androideabi-gcc -c -g -O2  conftest.c >&5
configure:8575: $? = 0
configure:8575: result: yes
configure:8575: checking for unistd.h
configure:8575: arm-linux-androideabi-gcc -c -g -O2  conftest.c >&5
configure:8575: $? = 0
configure:8575: result: yes
configure:8589: checking for dlfcn.h
configure:8589: arm-linux-androideabi-gcc -c -g -O2  conftest.c >&5
configure:8589: $? = 0
configure:8589: result: yes
configure:8786: checking for objdir
configure:8801: result: .libs
configure:9072: checking if arm-linux-androideabi-gcc supports -fno-rtti -fno-exceptions
configure:9090: arm-linux-androideabi-gcc -c -g -O2  -fno-rtti -fno-exceptions conftest.c >&5
cc1: warning: command line option '-fno-rtti' is valid for C++/ObjC++ but not for C [enabled by default]
configure:9094: $? = 0
configure:9107: result: no
configure:9417: checking for arm-linux-androideabi-gcc option to produce PIC
configure:9424: result: -fPIC -DPIC
configure:9432: checking if arm-linux-androideabi-gcc PIC flag -fPIC -DPIC works
configure:9450: arm-linux-androideabi-gcc -c -g -O2  -fPIC -DPIC -DPIC conftest.c >&5
configure:9454: $? = 0
configure:9467: result: yes
configure:9496: checking if arm-linux-androideabi-gcc static flag -static works
configure:9524: result: yes
configure:9539: checking if arm-linux-androideabi-gcc supports -c -o file.o
configure:9560: arm-linux-androideabi-gcc -c -g -O2  -o out/conftest2.o conftest.c >&5
configure:9564: $? = 0
configure:9586: result: yes
configure:9594: checking if arm-linux-androideabi-gcc supports -c -o file.o
configure:9641: result: yes
configure:9674: checking whether the arm-linux-androideabi-gcc linker (/home/evigier/android-14b-toolchain/arm-linux-androideabi/bin/ld) supports shared libraries
configure:10836: result: yes
configure:10873: checking whether -lc should be explicitly linked in
configure:10881: arm-linux-androideabi-gcc -c -g -O2  conftest.c >&5
configure:10884: $? = 0
configure:10899: arm-linux-androideabi-gcc -shared  -fPIC -DPIC conftest.o  -v -Wl,-soname -Wl,conftest -o conftest 2\>\&1 \| /bin/grep  -lc  \>/dev/null 2\>\&1
configure:10902: $? = 0
configure:10916: result: no
configure:11081: checking dynamic linker characteristics
configure:11596: arm-linux-androideabi-gcc -o conftest -g -O2   -Wl,-rpath -Wl,/foo conftest.c  >&5
configure:11596: $? = 0
configure:11830: result: GNU/Linux ld.so
configure:11937: checking how to hardcode library paths into programs
configure:11962: result: immediate
configure:12502: checking whether stripping libraries is possible
configure:12507: result: yes
configure:12542: checking if libtool supports shared libraries
configure:12544: result: yes
configure:12547: checking whether to build shared libraries
configure:12568: result: yes
configure:12571: checking whether to build static libraries
configure:12575: result: yes
configure:12598: checking how to run the C++ preprocessor
configure:12625: arm-linux-androideabi-g++ -E  conftest.cpp
configure:12625: $? = 0
configure:12639: arm-linux-androideabi-g++ -E  conftest.cpp
conftest.cpp:24:28: fatal error: ac_nonexistent.h: No such file or directory
compilation terminated.
configure:12639: $? = 1
configure: failed program was:
| /* confdefs.h */
| #define PACKAGE_NAME "libdbus-c++"
| #define PACKAGE_TARNAME "libdbus-c--"
| #define PACKAGE_VERSION "0.9.0"
| #define PACKAGE_STRING "libdbus-c++ 0.9.0"
| #define PACKAGE_BUGREPORT "andreas.volz@tux-style.com"
| #define PACKAGE_URL ""
| #define PACKAGE "libdbus-c++"
| #define VERSION "0.9.0"
| #define HAVE_CLOCK_GETTIME 1
| #define STDC_HEADERS 1
| #define HAVE_SYS_TYPES_H 1
| #define HAVE_SYS_STAT_H 1
| #define HAVE_STDLIB_H 1
| #define HAVE_STRING_H 1
| #define HAVE_MEMORY_H 1
| #define HAVE_STRINGS_H 1
| #define HAVE_INTTYPES_H 1
| #define HAVE_STDINT_H 1
| #define HAVE_UNISTD_H 1
| #define HAVE_DLFCN_H 1
| #define LT_OBJDIR ".libs/"
| /* end confdefs.h.  */
| #include <ac_nonexistent.h>
configure:12664: result: arm-linux-androideabi-g++ -E
configure:12684: arm-linux-androideabi-g++ -E  conftest.cpp
configure:12684: $? = 0
configure:12698: arm-linux-androideabi-g++ -E  conftest.cpp
conftest.cpp:24:28: fatal error: ac_nonexistent.h: No such file or directory
compilation terminated.
configure:12698: $? = 1
configure: failed program was:
| /* confdefs.h */
| #define PACKAGE_NAME "libdbus-c++"
| #define PACKAGE_TARNAME "libdbus-c--"
| #define PACKAGE_VERSION "0.9.0"
| #define PACKAGE_STRING "libdbus-c++ 0.9.0"
| #define PACKAGE_BUGREPORT "andreas.volz@tux-style.com"
| #define PACKAGE_URL ""
| #define PACKAGE "libdbus-c++"
| #define VERSION "0.9.0"
| #define HAVE_CLOCK_GETTIME 1
| #define STDC_HEADERS 1
| #define HAVE_SYS_TYPES_H 1
| #define HAVE_SYS_STAT_H 1
| #define HAVE_STDLIB_H 1
| #define HAVE_STRING_H 1
| #define HAVE_MEMORY_H 1
| #define HAVE_STRINGS_H 1
| #define HAVE_INTTYPES_H 1
| #define HAVE_STDINT_H 1
| #define HAVE_UNISTD_H 1
| #define HAVE_DLFCN_H 1
| #define LT_OBJDIR ".libs/"
| /* end confdefs.h.  */
| #include <ac_nonexistent.h>
configure:12868: checking for ld used by arm-linux-androideabi-g++
configure:12935: result: /home/evigier/android-14b-toolchain/arm-linux-androideabi/bin/ld
configure:12942: checking if the linker (/home/evigier/android-14b-toolchain/arm-linux-androideabi/bin/ld) is GNU ld
configure:12957: result: yes
configure:13012: checking whether the arm-linux-androideabi-g++ linker (/home/evigier/android-14b-toolchain/arm-linux-androideabi/bin/ld) supports shared libraries
configure:14016: result: yes
configure:14051: arm-linux-androideabi-g++ -c -g -O2  conftest.cpp >&5
configure:14054: $? = 0
configure:14574: checking for arm-linux-androideabi-g++ option to produce PIC
configure:14581: result: -fPIC -DPIC
configure:14589: checking if arm-linux-androideabi-g++ PIC flag -fPIC -DPIC works
configure:14607: arm-linux-androideabi-g++ -c -g -O2  -fPIC -DPIC -DPIC conftest.cpp >&5
configure:14611: $? = 0
configure:14624: result: yes
configure:14647: checking if arm-linux-androideabi-g++ static flag -static works
configure:14675: result: yes
configure:14687: checking if arm-linux-androideabi-g++ supports -c -o file.o
configure:14708: arm-linux-androideabi-g++ -c -g -O2  -o out/conftest2.o conftest.cpp >&5
configure:14712: $? = 0
configure:14734: result: yes
configure:14739: checking if arm-linux-androideabi-g++ supports -c -o file.o
configure:14786: result: yes
configure:14816: checking whether the arm-linux-androideabi-g++ linker (/home/evigier/android-14b-toolchain/arm-linux-androideabi/bin/ld) supports shared libraries
configure:14853: result: yes
configure:14996: checking dynamic linker characteristics
configure:15679: result: GNU/Linux ld.so
configure:15732: checking how to hardcode library paths into programs
configure:15757: result: immediate
configure:15828: checking for arm-linux-androideabi-pkg-config
configure:15861: result: no
configure:15871: checking for pkg-config
configure:15889: found /usr/bin/pkg-config
configure:15901: result: /usr/bin/pkg-config
configure:15926: checking pkg-config is at least version 0.9.0
configure:15929: result: yes
configure:15939: checking whether arm-linux-androideabi-g++ supports symbol visibility
configure:15945: result: yes
configure:15963: checking for dbus
configure:15970: $PKG_CONFIG --exists --print-errors "dbus-1 >= $DBUS_REQUIRED_VERSION"
configure:15973: $? = 0
configure:15987: $PKG_CONFIG --exists --print-errors "dbus-1 >= $DBUS_REQUIRED_VERSION"
configure:15990: $? = 0
configure:16032: result: yes
configure:16041: $PKG_CONFIG --exists --print-errors "dbus-1 < $DBUS_API_STABLE_VERSION"
Requested 'dbus-1 < 1.0.0' but version of dbus is 1.4.14
configure:16044: $? = 1
configure:16054: $PKG_CONFIG --exists --print-errors "dbus-1 >= $DBUS_THREADS_INIT_DEFAULT_VERSION"
configure:16057: $? = 0
configure:16067: $PKG_CONFIG --exists --print-errors "dbus-1 >= $DBUS_RECURSIVE_MUTEX_VERSION"
configure:16070: $? = 0
configure:16082: checking for glib
configure:16089: $PKG_CONFIG --exists --print-errors "glib-2.0"
configure:16092: $? = 0
configure:16106: $PKG_CONFIG --exists --print-errors "glib-2.0"
configure:16109: $? = 0
configure:16167: result: yes
configure:16183: checking for gtkmm
configure:16190: $PKG_CONFIG --exists --print-errors "gtkmm-2.4"
Package gtkmm-2.4 was not found in the pkg-config search path.
Perhaps you should add the directory containing `gtkmm-2.4.pc'
to the PKG_CONFIG_PATH environment variable
No package 'gtkmm-2.4' found
configure:16193: $? = 1
configure:16207: $PKG_CONFIG --exists --print-errors "gtkmm-2.4"
Package gtkmm-2.4 was not found in the pkg-config search path.
Perhaps you should add the directory containing `gtkmm-2.4.pc'
to the PKG_CONFIG_PATH environment variable
No package 'gtkmm-2.4' found
configure:16210: $? = 1
configure:16224: result: no
No package 'gtkmm-2.4' found
configure:16450: checking for XML_ParserCreate_MM in -lexpat
configure:16475: arm-linux-androideabi-g++ -o conftest -g -O2 -fvisibility=hidden   conftest.cpp -lexpat   >&5
/home/evigier/android-14b-toolchain/bin/../lib/gcc/arm-linux-androideabi/4.6.x-google/../../../../arm-linux-androideabi/bin/ld: warning: libstdc++.so, needed by /home/evigier/android-14b-toolchain/bin/../sysroot/usr/lib/libexpat.so, not found (try using -rpath or -rpath-link)
configure:16475: $? = 0
configure:16484: result: yes
configure:16489: checking expat.h usability
configure:16489: arm-linux-androideabi-g++ -c -g -O2 -fvisibility=hidden  conftest.cpp >&5
configure:16489: $? = 0
configure:16489: result: yes
configure:16489: checking expat.h presence
configure:16489: arm-linux-androideabi-g++ -E  conftest.cpp
configure:16489: $? = 0
configure:16489: result: yes
configure:16489: checking for expat.h
configure:16489: result: yes
configure:16682: checking for the pthreads library -lpthreads
configure:16715: arm-linux-androideabi-gcc -o conftest -g -O2    conftest.c -lpthreads  >&5
/home/evigier/android-14b-toolchain/bin/../lib/gcc/arm-linux-androideabi/4.6.x-google/../../../../arm-linux-androideabi/bin/ld: cannot find -lpthreads
collect2: ld returned 1 exit status
configure:16715: $? = 1
configure: failed program was:
| /* confdefs.h */
| #define PACKAGE_NAME "libdbus-c++"
| #define PACKAGE_TARNAME "libdbus-c--"
| #define PACKAGE_VERSION "0.9.0"
| #define PACKAGE_STRING "libdbus-c++ 0.9.0"
| #define PACKAGE_BUGREPORT "andreas.volz@tux-style.com"
| #define PACKAGE_URL ""
| #define PACKAGE "libdbus-c++"
| #define VERSION "0.9.0"
| #define HAVE_CLOCK_GETTIME 1
| #define STDC_HEADERS 1
| #define HAVE_SYS_TYPES_H 1
| #define HAVE_SYS_STAT_H 1
| #define HAVE_STDLIB_H 1
| #define HAVE_STRING_H 1
| #define HAVE_MEMORY_H 1
| #define HAVE_STRINGS_H 1
| #define HAVE_INTTYPES_H 1
| #define HAVE_STDINT_H 1
| #define HAVE_UNISTD_H 1
| #define HAVE_DLFCN_H 1
| #define LT_OBJDIR ".libs/"
| #define GCC_HASCLASSVISIBILITY 1
| #define DBUS_HAS_THREADS_INIT_DEFAULT /**/
| #define DBUS_HAS_RECURSIVE_MUTEX /**/
| #define HAVE_EXPAT_H 1
| /* end confdefs.h.  */
| #include <pthread.h>
| int
| main ()
| {
| pthread_t th; pthread_join(th, 0);
|                      pthread_attr_init(0); pthread_cleanup_push(0, 0);
|                      pthread_create(0,0,0,0); pthread_cleanup_pop(0);
|   ;
|   return 0;
| }
configure:16724: result: no
configure:16627: checking whether pthreads work without any flags
configure:16715: arm-linux-androideabi-gcc -o conftest -g -O2    conftest.c   >&5
configure:16715: $? = 0
configure:16724: result: yes
configure:16743: checking for joinable pthread attribute
configure:16758: arm-linux-androideabi-gcc -o conftest -g -O2    conftest.c   >&5
configure:16758: $? = 0
configure:16764: result: PTHREAD_CREATE_JOINABLE
configure:16774: checking if more special flags are required for pthreads
configure:16781: result: no
configure:16881: checking for doxygen
configure:16912: result: no
configure:16921: checking whether to build Doxygen documentation
configure:17175: creating ./config.status

## ---------------------- ##
## Running config.status. ##
## ---------------------- ##

This file was extended by libdbus-c++ config.status 0.9.0, which was
generated by GNU Autoconf 2.68.  Invocation command line was

  CONFIG_FILES    = 
  CONFIG_HEADERS  = 
  CONFIG_LINKS    = 
  CONFIG_COMMANDS = 
  $ ./config.status 

on evigier-ThinkPad-X220

config.status:1221: creating Makefile
config.status:1221: creating src/Makefile
config.status:1221: creating src/integration/Makefile
config.status:1221: creating src/integration/ecore/Makefile
config.status:1221: creating src/integration/glib/Makefile
config.status:1221: creating tools/Makefile
config.status:1221: creating test/Makefile
config.status:1221: creating test/generator/Makefile
config.status:1221: creating test/functional/Makefile
config.status:1221: creating test/functional/Test1/Makefile
config.status:1221: creating data/Makefile
config.status:1221: creating doc/Makefile
config.status:1221: creating doc/Doxyfile
config.status:1221: creating examples/Makefile
config.status:1221: creating examples/properties/Makefile
config.status:1221: creating examples/echo/Makefile
config.status:1221: creating examples/ecore/Makefile
config.status:1221: creating examples/hal/Makefile
config.status:1221: creating examples/glib/Makefile
config.status:1221: creating examples/echo_ecore/Makefile
config.status:1221: creating dbus-c++-1.pc
config.status:1221: creating dbus-c++-1-uninstalled.pc
config.status:1221: creating dbus-c++-ecore-1.pc
config.status:1221: creating dbus-c++-ecore-1-uninstalled.pc
config.status:1221: creating dbus-c++-glib-1.pc
config.status:1221: creating dbus-c++-glib-1-uninstalled.pc
config.status:1221: creating libdbus-c++.spec
config.status:1221: creating config.h
config.status:1402: config.h is unchanged
config.status:1450: executing depfiles commands
config.status:1450: executing libtool commands

## ---------------- ##
## Cache variables. ##
## ---------------- ##

ac_cv_build=x86_64-unknown-linux-gnu
ac_cv_c_compiler_gnu=yes
ac_cv_cxx_compiler_gnu=yes
ac_cv_env_CCC_set=
ac_cv_env_CCC_value=
ac_cv_env_CC_set=
ac_cv_env_CC_value=
ac_cv_env_CFLAGS_set=
ac_cv_env_CFLAGS_value=
ac_cv_env_CPPFLAGS_set=
ac_cv_env_CPPFLAGS_value=
ac_cv_env_CPP_set=
ac_cv_env_CPP_value=
ac_cv_env_CXXCPP_set=
ac_cv_env_CXXCPP_value=
ac_cv_env_CXXFLAGS_set=
ac_cv_env_CXXFLAGS_value=
ac_cv_env_CXX_set=
ac_cv_env_CXX_value=
ac_cv_env_LDFLAGS_set=
ac_cv_env_LDFLAGS_value=
ac_cv_env_LIBS_set=
ac_cv_env_LIBS_value=
ac_cv_env_PKG_CONFIG_LIBDIR_set=
ac_cv_env_PKG_CONFIG_LIBDIR_value=
ac_cv_env_PKG_CONFIG_PATH_set=
ac_cv_env_PKG_CONFIG_PATH_value=
ac_cv_env_PKG_CONFIG_set=
ac_cv_env_PKG_CONFIG_value=
ac_cv_env_build_alias_set=
ac_cv_env_build_alias_value=
ac_cv_env_dbus_CFLAGS_set=
ac_cv_env_dbus_CFLAGS_value=
ac_cv_env_dbus_LIBS_set=
ac_cv_env_dbus_LIBS_value=
ac_cv_env_ecore_CFLAGS_set=
ac_cv_env_ecore_CFLAGS_value=
ac_cv_env_ecore_LIBS_set=
ac_cv_env_ecore_LIBS_value=
ac_cv_env_glib_CFLAGS_set=
ac_cv_env_glib_CFLAGS_value=
ac_cv_env_glib_LIBS_set=
ac_cv_env_glib_LIBS_value=
ac_cv_env_gtkmm_CFLAGS_set=
ac_cv_env_gtkmm_CFLAGS_value=
ac_cv_env_gtkmm_LIBS_set=
ac_cv_env_gtkmm_LIBS_value=
ac_cv_env_host_alias_set=set
ac_cv_env_host_alias_value=arm-linux-androideabi
ac_cv_env_target_alias_set=
ac_cv_env_target_alias_value=
ac_cv_func_clock_gettime=yes
ac_cv_header_dlfcn_h=yes
ac_cv_header_expat_h=yes
ac_cv_header_inttypes_h=yes
ac_cv_header_memory_h=yes
ac_cv_header_stdc=yes
ac_cv_header_stdint_h=yes
ac_cv_header_stdlib_h=yes
ac_cv_header_string_h=yes
ac_cv_header_strings_h=yes
ac_cv_header_sys_stat_h=yes
ac_cv_header_sys_types_h=yes
ac_cv_header_unistd_h=yes
ac_cv_host=arm-unknown-linux-androideabi
ac_cv_lib_expat_XML_ParserCreate_MM=yes
ac_cv_objext=o
ac_cv_path_DOXYGEN=no
ac_cv_path_EGREP='/bin/grep -E'
ac_cv_path_FGREP='/bin/grep -F'
ac_cv_path_GREP=/bin/grep
ac_cv_path_SED=/bin/sed
ac_cv_path_ac_pt_PKG_CONFIG=/usr/bin/pkg-config
ac_cv_path_install='/usr/bin/install -c'
ac_cv_path_mkdir=/bin/mkdir
ac_cv_prog_AR=arm-linux-androideabi-ar
ac_cv_prog_AWK=gawk
ac_cv_prog_CC=arm-linux-androideabi-gcc
ac_cv_prog_CPP='arm-linux-androideabi-gcc -E'
ac_cv_prog_CXX=arm-linux-androideabi-g++
ac_cv_prog_CXXCPP='arm-linux-androideabi-g++ -E'
ac_cv_prog_OBJDUMP=arm-linux-androideabi-objdump
ac_cv_prog_RANLIB=arm-linux-androideabi-ranlib
ac_cv_prog_STRIP=arm-linux-androideabi-strip
ac_cv_prog_ac_ct_MANIFEST_TOOL=mt
ac_cv_prog_cc_c89=
ac_cv_prog_cc_g=yes
ac_cv_prog_cxx_g=yes
ac_cv_prog_make_make_set=yes
am_cv_CC_dependencies_compiler_type=gcc3
am_cv_CXX_dependencies_compiler_type=gcc3
lt_cv_ar_at_file=@
lt_cv_archive_cmds_need_lc=no
lt_cv_deplibs_check_method=pass_all
lt_cv_file_magic_cmd='$MAGIC_CMD'
lt_cv_file_magic_test_file=
lt_cv_ld_reload_flag=-r
lt_cv_nm_interface='BSD nm'
lt_cv_objdir=.libs
lt_cv_path_LD=/home/evigier/android-14b-toolchain/arm-linux-androideabi/bin/ld
lt_cv_path_LDCXX=/home/evigier/android-14b-toolchain/arm-linux-androideabi/bin/ld
lt_cv_path_NM='/home/evigier/android-14b-toolchain/bin/arm-linux-androideabi-nm -B'
lt_cv_path_mainfest_tool=no
lt_cv_prog_compiler_c_o=yes
lt_cv_prog_compiler_c_o_CXX=yes
lt_cv_prog_compiler_pic='-fPIC -DPIC'
lt_cv_prog_compiler_pic_CXX='-fPIC -DPIC'
lt_cv_prog_compiler_pic_works=yes
lt_cv_prog_compiler_pic_works_CXX=yes
lt_cv_prog_compiler_rtti_exceptions=no
lt_cv_prog_compiler_static_works=yes
lt_cv_prog_compiler_static_works_CXX=yes
lt_cv_prog_gnu_ld=yes
lt_cv_prog_gnu_ldcxx=yes
lt_cv_sharedlib_from_linklib_cmd='printf %s\n'
lt_cv_shlibpath_overrides_runpath=no
lt_cv_sys_global_symbol_pipe='sed -n -e '\''s/^.*[	 ]\([ABCDGIRSTW][ABCDGIRSTW]*\)[	 ][	 ]*\([_A-Za-z][_A-Za-z0-9]*\)$/\1 \2 \2/p'\'' | sed '\''/ __gnu_lto/d'\'''
lt_cv_sys_global_symbol_to_c_name_address='sed -n -e '\''s/^: \([^ ]*\)[ ]*$/  {\"\1\", (void *) 0},/p'\'' -e '\''s/^[ABCDGIRSTW]* \([^ ]*\) \([^ ]*\)$/  {"\2", (void *) \&\2},/p'\'''
lt_cv_sys_global_symbol_to_c_name_address_lib_prefix='sed -n -e '\''s/^: \([^ ]*\)[ ]*$/  {\"\1\", (void *) 0},/p'\'' -e '\''s/^[ABCDGIRSTW]* \([^ ]*\) \(lib[^ ]*\)$/  {"\2", (void *) \&\2},/p'\'' -e '\''s/^[ABCDGIRSTW]* \([^ ]*\) \([^ ]*\)$/  {"lib\2", (void *) \&\2},/p'\'''
lt_cv_sys_global_symbol_to_cdecl='sed -n -e '\''s/^T .* \(.*\)$/extern int \1();/p'\'' -e '\''s/^[ABCDGIRSTW]* .* \(.*\)$/extern char \1;/p'\'''
lt_cv_sys_max_cmd_len=1572864
lt_cv_to_host_file_cmd=func_convert_file_noop
lt_cv_to_tool_file_cmd=func_convert_file_noop
pkg_cv_dbus_CFLAGS='-I/usr/include/dbus-1.0 -I/usr/lib/x86_64-linux-gnu/dbus-1.0/include  '
pkg_cv_dbus_LIBS='-ldbus-1 -lpthread -lrt  '
pkg_cv_glib_CFLAGS='-I/usr/include/glib-2.0 -I/usr/lib/x86_64-linux-gnu/glib-2.0/include  '
pkg_cv_glib_LIBS='-lglib-2.0  '

## ----------------- ##
## Output variables. ##
## ----------------- ##

ACLOCAL='${SHELL} /home/evigier/git/libdbus-c++-0.9.0-android/missing --run aclocal-1.11'
AMDEPBACKSLASH='\'
AMDEP_FALSE='#'
AMDEP_TRUE=''
AMTAR='${SHELL} /home/evigier/git/libdbus-c++-0.9.0-android/missing --run tar'
AR='arm-linux-androideabi-ar'
AUTOCONF='${SHELL} /home/evigier/git/libdbus-c++-0.9.0-android/missing --run autoconf'
AUTOHEADER='${SHELL} /home/evigier/git/libdbus-c++-0.9.0-android/missing --run autoheader'
AUTOMAKE='${SHELL} /home/evigier/git/libdbus-c++-0.9.0-android/missing --run automake-1.11'
AWK='gawk'
BUILD_LIBDBUS_CXX_DIR='$(top_builddir)'
CC='arm-linux-androideabi-gcc'
CCDEPMODE='depmode=gcc3'
CFLAGS='-g -O2'
CPP='arm-linux-androideabi-gcc -E'
CPPFLAGS=''
CROSS_COMPILING_FALSE='#'
CROSS_COMPILING_TRUE=''
CXX='arm-linux-androideabi-g++'
CXXCPP='arm-linux-androideabi-g++ -E'
CXXDEPMODE='depmode=gcc3'
CXXFLAGS='-g -O2 -fvisibility=hidden'
CXX_FOR_BUILD='arm-linux-androideabi-g++'
CYGPATH_W='echo'
DBUS_DOXYGEN_DOCS_ENABLED_FALSE=''
DBUS_DOXYGEN_DOCS_ENABLED_TRUE='#'
DEFS='-DHAVE_CONFIG_H'
DEPDIR='.deps'
DLLTOOL='false'
DOXYGEN='no'
DSYMUTIL=''
DUMPBIN=''
ECHO_C=''
ECHO_N='-n'
ECHO_T=''
EGREP='/bin/grep -E'
ENABLE_ECORE_FALSE=''
ENABLE_ECORE_TRUE='#'
ENABLE_EXAMPLES_FALSE='#'
ENABLE_EXAMPLES_TRUE=''
ENABLE_GLIB_FALSE='#'
ENABLE_GLIB_TRUE=''
ENABLE_TESTS_FALSE='#'
ENABLE_TESTS_TRUE=''
EXEEXT=''
FGREP='/bin/grep -F'
GREP='/bin/grep'
HAVE_GTKMM_FALSE=''
HAVE_GTKMM_TRUE='#'
HAVE_PTHREAD_FALSE='#'
HAVE_PTHREAD_TRUE=''
INSTALL_DATA='${INSTALL} -m 644'
INSTALL_PROGRAM='${INSTALL}'
INSTALL_SCRIPT='${INSTALL}'
INSTALL_STRIP_PROGRAM='$(install_sh) -c -s'
LD='/home/evigier/android-14b-toolchain/arm-linux-androideabi/bin/ld'
LDFLAGS=''
LIBOBJS=''
LIBS=''
LIBTOOL='$(SHELL) $(top_builddir)/libtool'
LIPO=''
LN_S='ln -s'
LTLIBOBJS=''
MAKEINFO='${SHELL} /home/evigier/git/libdbus-c++-0.9.0-android/missing --run makeinfo'
MANIFEST_TOOL=':'
MKDIR_P='/bin/mkdir -p'
NM='/home/evigier/android-14b-toolchain/bin/arm-linux-androideabi-nm -B'
NMEDIT=''
OBJDUMP='arm-linux-androideabi-objdump'
OBJEXT='o'
OTOOL64=''
OTOOL=''
PACKAGE='libdbus-c++'
PACKAGE_BUGREPORT='andreas.volz@tux-style.com'
PACKAGE_NAME='libdbus-c++'
PACKAGE_STRING='libdbus-c++ 0.9.0'
PACKAGE_TARNAME='libdbus-c--'
PACKAGE_URL=''
PACKAGE_VERSION='0.9.0'
PATH_SEPARATOR=':'
PKG_CONFIG='/usr/bin/pkg-config'
PKG_CONFIG_LIBDIR=''
PKG_CONFIG_PATH=''
PTHREAD_CC='arm-linux-androideabi-gcc'
PTHREAD_CFLAGS=''
PTHREAD_LIBS=''
RANLIB='arm-linux-androideabi-ranlib'
RT_LIBS=''
SED='/bin/sed'
SET_MAKE=''
SHELL='/bin/bash'
STRIP='arm-linux-androideabi-strip'
VERSION='0.9.0'
ac_ct_AR=''
ac_ct_CC=''
ac_ct_CXX=''
ac_ct_DUMPBIN=''
acx_pthread_config=''
am__EXEEXT_FALSE=''
am__EXEEXT_TRUE='#'
am__fastdepCC_FALSE='#'
am__fastdepCC_TRUE=''
am__fastdepCXX_FALSE='#'
am__fastdepCXX_TRUE=''
am__include='include'
am__isrc=''
am__leading_dot='.'
am__quote=''
am__tar='${AMTAR} chof - "$$tardir"'
am__untar='${AMTAR} xf -'
bindir='${exec_prefix}/bin'
build='x86_64-unknown-linux-gnu'
build_alias=''
build_cpu='x86_64'
build_os='linux-gnu'
build_vendor='unknown'
datadir='${datarootdir}'
datarootdir='${prefix}/share'
dbus_CFLAGS='-I/usr/include/dbus-1.0 -I/usr/lib/x86_64-linux-gnu/dbus-1.0/include  '
dbus_LIBS='-ldbus-1 -lpthread -lrt  '
docdir='${datarootdir}/doc/${PACKAGE_TARNAME}'
dvidir='${docdir}'
ecore_CFLAGS=''
ecore_LIBS=''
exec_prefix='${prefix}'
glib_CFLAGS='-I/usr/include/glib-2.0 -I/usr/lib/x86_64-linux-gnu/glib-2.0/include  '
glib_LIBS='-lglib-2.0  '
gtkmm_CFLAGS=''
gtkmm_LIBS=''
host='arm-unknown-linux-androideabi'
host_alias='arm-linux-androideabi'
host_cpu='arm'
host_os='linux-androideabi'
host_vendor='unknown'
htmldir='${docdir}'
includedir='${prefix}/include'
infodir='${datarootdir}/info'
install_sh='${SHELL} /home/evigier/git/libdbus-c++-0.9.0-android/install-sh'
libdir='${exec_prefix}/lib'
libexecdir='${exec_prefix}/libexec'
localedir='${datarootdir}/locale'
localstatedir='${prefix}/var'
mandir='${datarootdir}/man'
mkdir_p='/bin/mkdir -p'
oldincludedir='/usr/include'
pdfdir='${docdir}'
prefix='/home/evigier/android-ndk-r8b/platforms/android-14/arch-arm/usr'
program_transform_name='s,x,x,'
psdir='${docdir}'
sbindir='${exec_prefix}/sbin'
sharedstatedir='${prefix}/com'
sysconfdir='${prefix}/etc'
target_alias=''
xml_CFLAGS=''
xml_LIBS='-lexpat'

## ----------- ##
## confdefs.h. ##
## ----------- ##

/* confdefs.h */
#define PACKAGE_NAME "libdbus-c++"
#define PACKAGE_TARNAME "libdbus-c--"
#define PACKAGE_VERSION "0.9.0"
#define PACKAGE_STRING "libdbus-c++ 0.9.0"
#define PACKAGE_BUGREPORT "andreas.volz@tux-style.com"
#define PACKAGE_URL ""
#define PACKAGE "libdbus-c++"
#define VERSION "0.9.0"
#define HAVE_CLOCK_GETTIME 1
#define STDC_HEADERS 1
#define HAVE_SYS_TYPES_H 1
#define HAVE_SYS_STAT_H 1
#define HAVE_STDLIB_H 1
#define HAVE_STRING_H 1
#define HAVE_MEMORY_H 1
#define HAVE_STRINGS_H 1
#define HAVE_INTTYPES_H 1
#define HAVE_STDINT_H 1
#define HAVE_UNISTD_H 1
#define HAVE_DLFCN_H 1
#define LT_OBJDIR ".libs/"
#define GCC_HASCLASSVISIBILITY 1
#define DBUS_HAS_THREADS_INIT_DEFAULT /**/
#define DBUS_HAS_RECURSIVE_MUTEX /**/
#define HAVE_EXPAT_H 1
#define HAVE_PTHREAD 1
#define HAVE_PTHREAD_H 1

configure: exit 0
